<?xml version="1.0" encoding="UTF-8"?>
<robot generator="Robot 6.1.1 (Python 3.12.0 on win32)" generated="20231116 16:23:04.305" rpa="false" schemaversion="4">
<suite id="s1" name="Lister type donnees candidats" source="C:\Users\LENOVO\PycharmProjects\Api_Referentiel\Referentiel_Unique\Tets_cases\Type_Verification_Donnees_Candidats\Lister_type_donnees_candidats.robot">
<test id="s1-t1" name="Parametres" line="11">
<kw name="Create Session" library="RequestsLibrary">
<arg>ma_session</arg>
<arg>${base_url}</arg>
<doc>Create Session: create a HTTP session to a server</doc>
<msg timestamp="20231116 16:23:04.418" level="INFO">Creating Session using : alias=ma_session, url=http://sige-referentiel-service.dev.defisetstrategies.dev/api, headers={},                     cookies={}, auth=None, timeout=None, proxies=None, verify=False,                     debug=0 </msg>
<status status="PASS" starttime="20231116 16:23:04.417" endtime="20231116 16:23:04.418"/>
</kw>
<kw name="Create Dictionary" library="BuiltIn">
<var>${header}</var>
<arg>Authorization=${bearerToken}</arg>
<arg>Content-Type=application/json</arg>
<doc>Creates and returns a dictionary based on the given ``items``.</doc>
<msg timestamp="20231116 16:23:04.419" level="INFO">${header} = {'Authorization': 'Bearer', 'Content-Type': 'application/json'}</msg>
<status status="PASS" starttime="20231116 16:23:04.419" endtime="20231116 16:23:04.419"/>
</kw>
<kw name="Get Request" library="RequestsLibrary">
<var>${response}</var>
<arg>ma_session</arg>
<arg>${endpoint}</arg>
<arg>headers=${header}</arg>
<doc>*DEPRECATED* Please use `GET On Session` instead.</doc>
<msg timestamp="20231116 16:23:04.420" level="WARN">Keyword 'RequestsLibrary.Get Request' is deprecated. Please use `GET On Session` instead.</msg>
<msg timestamp="20231116 16:23:04.739" level="INFO">GET Request : url=http://sige-referentiel-service.dev.defisetstrategies.dev/api/type-verification-donnees-candidats 
 path_url=/api/type-verification-donnees-candidats 
 headers={'User-Agent': 'python-requests/2.31.0', 'Accept-Encoding': 'gzip, deflate', 'Accept': '*/*', 'Connection': 'keep-alive', 'Authorization': 'Bearer', 'Content-Type': 'application/json'} 
 body=None 
 </msg>
<msg timestamp="20231116 16:23:04.739" level="INFO">GET Response : url=http://sige-referentiel-service.dev.defisetstrategies.dev/api/type-verification-donnees-candidats 
 status=401, reason=Unauthorized 
 headers={'Cache-Control': 'no-cache, no-store, max-age=0, must-revalidate', 'Content-Length': '0', 'Date': 'Thu, 16 Nov 2023 15:23:04 GMT', 'Expires': '0', 'Pragma': 'no-cache', 'Www-Authenticate': 'Bearer error="invalid_token", error_description="Bearer token is malformed", error_uri="https://tools.ietf.org/html/rfc6750#section-3.1"', 'X-Content-Type-Options': 'nosniff', 'X-Frame-Options': 'DENY', 'X-Xss-Protection': '0'} 
 body=None 
 </msg>
<msg timestamp="20231116 16:23:04.739" level="INFO">${response} = &lt;Response [401]&gt;</msg>
<status status="PASS" starttime="20231116 16:23:04.420" endtime="20231116 16:23:04.739"/>
</kw>
<kw name="Log To Console" library="BuiltIn">
<arg>${response.status_code}</arg>
<doc>Logs the given message to the console.</doc>
<status status="PASS" starttime="20231116 16:23:04.740" endtime="20231116 16:23:04.742"/>
</kw>
<kw name="Log To Console" library="BuiltIn">
<arg>${response.content}</arg>
<doc>Logs the given message to the console.</doc>
<status status="PASS" starttime="20231116 16:23:04.743" endtime="20231116 16:23:04.744"/>
</kw>
<kw name="Log To Console" library="BuiltIn">
<arg>${response.headers}</arg>
<doc>Logs the given message to the console.</doc>
<status status="PASS" starttime="20231116 16:23:04.745" endtime="20231116 16:23:04.747"/>
</kw>
<status status="PASS" starttime="20231116 16:23:04.417" endtime="20231116 16:23:04.748"/>
</test>
<doc>Afficher la liste des applications</doc>
<status status="PASS" starttime="20231116 16:23:04.307" endtime="20231116 16:23:04.750"/>
</suite>
<statistics>
<total>
<stat pass="1" fail="0" skip="0">All Tests</stat>
</total>
<tag>
</tag>
<suite>
<stat pass="1" fail="0" skip="0" id="s1" name="Lister type donnees candidats">Lister type donnees candidats</stat>
</suite>
</statistics>
<errors>
<msg timestamp="20231116 16:23:04.420" level="WARN">Keyword 'RequestsLibrary.Get Request' is deprecated. Please use `GET On Session` instead.</msg>
</errors>
</robot>
